2018-06-17T06:37:44.422Z - normal: Load ~/.CocosCreator/settings.json
2018-06-17T06:37:44.427Z - normal: checking language setting...
2018-06-17T06:37:44.427Z - normal: Language: zh
2018-06-17T06:37:45.343Z - success: protocol editor-framework registered
2018-06-17T06:37:45.343Z - success: protocol app registered
2018-06-17T06:37:45.344Z - success: protocol theme registered
2018-06-17T06:37:45.344Z - success: protocol packages registered
2018-06-17T06:37:45.344Z - success: protocol unpack registerred
2018-06-17T06:37:45.345Z - success: protocol disable-commonjs registerred
2018-06-17T06:37:45.452Z - normal: connected!
2018-06-17T06:37:45.454Z - normal: Check project /Users/jason/Documents/GitHub/SuperVoltageCocos
2018-06-17T06:37:45.458Z - normal: Initializing Cocos2d
2018-06-17T06:37:45.695Z - normal: Initializing Asset Database
2018-06-17T06:37:45.730Z - success: protocol uuid registerred
2018-06-17T06:37:45.730Z - success: protocol db registerred
2018-06-17T06:37:45.730Z - success: protocol thumbnail registerred
2018-06-17T06:37:45.730Z - normal: Loading editor/builtin packages
2018-06-17T06:37:45.753Z - success: anysdk loaded
2018-06-17T06:37:45.875Z - success: assets loaded
2018-06-17T06:37:45.880Z - success: builder loaded
2018-06-17T06:37:45.882Z - success: cocos-analytics loaded
2018-06-17T06:37:45.887Z - success: console loaded
2018-06-17T06:37:45.920Z - success: fb-instant-games loaded
2018-06-17T06:37:45.925Z - success: hierarchy loaded
2018-06-17T06:37:45.930Z - success: inspector loaded
2018-06-17T06:37:45.931Z - success: keystore loaded
2018-06-17T06:37:45.942Z - success: node-library loaded
2018-06-17T06:37:45.944Z - success: package-asset loaded
2018-06-17T06:37:45.946Z - success: preferences loaded
2018-06-17T06:37:45.952Z - success: project-exporter loaded
2018-06-17T06:37:45.969Z - success: project-importer loaded
2018-06-17T06:37:45.972Z - success: project-settings loaded
2018-06-17T06:37:45.976Z - success: ui-kit loaded
2018-06-17T06:37:45.981Z - success: ui-grid loaded
2018-06-17T06:37:45.987Z - success: scene loaded
2018-06-17T06:37:45.988Z - success: sprite-editor loaded
2018-06-17T06:37:45.994Z - success: store loaded
2018-06-17T06:37:46.035Z - success: timeline loaded
2018-06-17T06:37:46.036Z - normal: Loading builtin packages
2018-06-17T06:37:46.053Z - success: asset-db-debugger loaded
2018-06-17T06:37:46.056Z - success: color-picker loaded
2018-06-17T06:37:46.068Z - success: package-manager loaded
2018-06-17T06:37:46.081Z - success: sdkbox loaded
2018-06-17T06:37:46.105Z - success: tester loaded
2018-06-17T06:37:46.113Z - success: ui-kit-preview-extra loaded
2018-06-17T06:37:46.130Z - success: ui-kit-preview loaded
2018-06-17T06:37:46.152Z - success: ui-tree loaded
2018-06-17T06:37:47.972Z - normal: Initializing project /Users/jason/Documents/GitHub/SuperVoltageCocos
2018-06-17T06:37:47.976Z - normal: Loading packages
2018-06-17T06:37:47.982Z - normal: Watching packages
2018-06-17T06:37:47.998Z - normal: Run Application
2018-06-17T06:37:48.694Z - success: preview server running at http://localhost:7456
2018-06-17T06:37:54.982Z - normal: 1.9.1
